<?xml version="1.0" encoding="UTF-8"?>
<robot generator="Robot 4.1.2 (Python 3.10.0 on win32)" generated="20220616 13:56:24.044" rpa="false" schemaversion="2">
<suite id="s1" name="Testdemo2" source="C:\Users\dave\PycharmProjects\pythonProject\tests\testdemo2.robot">
<test id="s1-t1" name="Validate succesful Login">
<kw name="open browser with mortgage payement url" library="resources" type="SETUP">
<kw name="Create Webdriver" library="SeleniumLibrary">
<arg>Chrome</arg>
<arg>executable_path=C:/Users/dave/Downloads/robot chrome driver/chromedriver</arg>
<doc>Creates an instance of Selenium WebDriver.</doc>
<msg timestamp="20220616 13:56:28.801" level="INFO">Creating an instance of the Chrome WebDriver.</msg>
<kw name="Capture Page Screenshot" library="SeleniumLibrary">
<doc>Takes screenshot of the current page and embeds it into log file.</doc>
<msg timestamp="20220616 13:56:43.814" level="INFO">Cannot capture screenshot because no browser is open.</msg>
<status status="PASS" starttime="20220616 13:56:43.811" endtime="20220616 13:56:43.815"/>
</kw>
<msg timestamp="20220616 13:56:44.022" level="FAIL">SessionNotCreatedException: Message: session not created: This version of ChromeDriver only supports Chrome version 95
Current browser version is 102.0.5005.115 with binary path C:\Program Files (x86)\Google\Chrome\Application\chrome.exe
Stacktrace:
Backtrace:
	Ordinal0 [0x003A3AB3+2505395]
	Ordinal0 [0x0033AE41+2076225]
	Ordinal0 [0x00242498+1057944]
	Ordinal0 [0x00260841+1181761]
	Ordinal0 [0x0025C64B+1164875]
	Ordinal0 [0x00259EBF+1154751]
	Ordinal0 [0x0028A02F+1351727]
	Ordinal0 [0x00289C9A+1350810]
	Ordinal0 [0x002858BB+1333435]
	Ordinal0 [0x002623E4+1188836]
	Ordinal0 [0x0026323F+1192511]
	GetHandleVerifier [0x0052CB36+1554566]
	GetHandleVerifier [0x005D4A0C+2242396]
	GetHandleVerifier [0x00430E0B+523099]
	GetHandleVerifier [0x0042FEB0+519168]
	Ordinal0 [0x003402FD+2097917]
	Ordinal0 [0x00344388+2114440]
	Ordinal0 [0x003444C2+2114754]
	Ordinal0 [0x0034E041+2154561]
	BaseThreadInitThunk [0x76B5FA29+25]
	RtlGetAppContainerNamedObjectPath [0x77B77A7E+286]
	RtlGetAppContainerNamedObjectPath [0x77B77A4E+238]
</msg>
<status status="FAIL" starttime="20220616 13:56:28.799" endtime="20220616 13:56:44.023"/>
</kw>
<kw name="Go To" library="SeleniumLibrary">
<arg>${URL}</arg>
<doc>Navigates the active browser instance to the provided ``url``.</doc>
<status status="NOT RUN" starttime="20220616 13:56:44.026" endtime="20220616 13:56:44.027"/>
</kw>
<status status="FAIL" starttime="20220616 13:56:28.798" endtime="20220616 13:56:44.030"/>
</kw>
<kw name="Close Browser Session" library="resources" type="TEARDOWN">
<kw name="Close Browser" library="SeleniumLibrary">
<doc>Closes the current browser.</doc>
<status status="PASS" starttime="20220616 13:56:44.038" endtime="20220616 13:56:44.039"/>
</kw>
<status status="PASS" starttime="20220616 13:56:44.034" endtime="20220616 13:56:44.040"/>
</kw>
<tag>Validlogin</tag>
<status status="FAIL" starttime="20220616 13:56:28.792" endtime="20220616 13:56:44.042">Setup failed:
SessionNotCreatedException: Message: session not created: This version of ChromeDriver only supports Chrome version 95
Current browser version is 102.0.5005.115 with binary path C:\Program Files (x86)\Google\Chrome\Application\chrome.exe
Stacktrace:
Backtrace:
	Ordinal0 [0x003A3AB3+2505395]
	Ordinal0 [0x0033AE41+2076225]
	Ordinal0 [0x00242498+1057944]
	Ordinal0 [0x00260841+1181761]
	Ordinal0 [0x0025C64B+1164875]
	Ordinal0 [0x00259EBF+1154751]
	Ordinal0 [0x0028A02F+1351727]
	Ordinal0 [0x00289C9A+1350810]
	Ordinal0 [0x002858BB+1333435]
	Ordinal0 [0x002623E4+1188836]
	Ordinal0 [0x0026323F+1192511]
	GetHandleVerifier [0x0052CB36+1554566]
	GetHandleVerifier [0x005D4A0C+2242396]
	GetHandleVerifier [0x00430E0B+523099]
	GetHandleVerifier [0x0042FEB0+519168]
	Ordinal0 [0x003402FD+2097917]
	Ordinal0 [0x00344388+2114440]
	Ordinal0 [0x003444C2+2114754]
	Ordinal0 [0x0034E041+2154561]
	BaseThreadInitThunk [0x76B5FA29+25]
	RtlGetAppContainerNamedObjectPath [0x77B77A7E+286]
	RtlGetAppContainerNamedObjectPath [0x77B77A4E+238]
</status>
</test>
<doc>validate login form</doc>
<status status="FAIL" starttime="20220616 13:56:24.071" endtime="20220616 13:56:44.080"/>
</suite>
<statistics>
<total>
<stat pass="0" fail="1" skip="0">All Tests</stat>
</total>
<tag>
<stat pass="0" fail="1" skip="0">Validlogin</stat>
</tag>
<suite>
<stat pass="0" fail="1" skip="0" id="s1" name="Testdemo2">Testdemo2</stat>
</suite>
</statistics>
<errors>
</errors>
</robot>
